<?xml version="1.0" encoding="UTF-8"?>
<!-- Generated by org.testng.reporters.JUnitXMLReporter -->
<testsuite hostname="LAPTOP-BF6O2SVC" ignored="2" name="AmazonfirstTC" tests="2" failures="1" timestamp="19 Jan 2020 19:25:00 GMT" time="35.048" errors="0">
  <testcase name="LoginAmazon" time="10.389" classname="src.newSeleniumTestLogin.Successlogin"/>
  <testcase name="LoginAmazon" time="3.172" classname="src.newSeleniumTestLogin.LoginDone">
    <failure type="java.lang.NullPointerException">
      <![CDATA[java.lang.NullPointerException
at src.newSeleniumTestLogin.LoginDone.LoginAmazon(LoginDone.java:21)
... Removed 25 stack frames]]>
    </failure>
  </testcase> <!-- LoginAmazon -->
  <testcase name="@BeforeSuite ReportSetup" time="0.0" classname="DriverOptions.ExtentReporting">
    <ignored/>
  </testcase> <!-- @BeforeSuite ReportSetup -->
  <testcase name="@AfterSuite ReportDone" time="0.0" classname="DriverOptions.ExtentReporting">
    <ignored/>
  </testcase> <!-- @AfterSuite ReportDone -->
</testsuite> <!-- AmazonfirstTC -->
