<?xml version="1.0" encoding="UTF-8"?>
<testng-results skipped="0" failed="1" ignored="2" total="4" passed="1">
  <reporter-output>
    <line>
      <![CDATA[Title value is displayed]]>
    </line>
  </reporter-output>
  <suite name="Suite" duration-ms="35048" started-at="2020-01-19T19:24:25Z" finished-at="2020-01-19T19:25:00Z">
    <groups>
    </groups>
    <test name="AmazonfirstTC" duration-ms="35048" started-at="2020-01-19T19:24:25Z" finished-at="2020-01-19T19:25:00Z">
      <class name="src.newSeleniumTestLogin.Successlogin">
        <test-method status="PASS" signature="ReportSetup()[pri:0, instance:src.newSeleniumTestLogin.Successlogin@77cd7a0]" name="ReportSetup" is-config="true" duration-ms="293" started-at="2020-01-19T19:24:25Z" finished-at="2020-01-19T19:24:25Z">
          <reporter-output>
          </reporter-output>
        </test-method> <!-- ReportSetup -->
        <test-method status="PASS" signature="Initialize()[pri:0, instance:src.newSeleniumTestLogin.Successlogin@77cd7a0]" name="Initialize" is-config="true" duration-ms="10821" started-at="2020-01-19T19:24:25Z" finished-at="2020-01-19T19:24:36Z">
          <reporter-output>
          </reporter-output>
        </test-method> <!-- Initialize -->
        <test-method status="PASS" signature="LoginAmazon()[pri:0, instance:src.newSeleniumTestLogin.Successlogin@77cd7a0]" name="LoginAmazon" duration-ms="10389" started-at="2020-01-19T19:24:36Z" finished-at="2020-01-19T19:24:46Z">
          <reporter-output>
            <line>
              <![CDATA[Title value is displayed]]>
            </line>
          </reporter-output>
        </test-method> <!-- LoginAmazon -->
        <test-method status="PASS" signature="Close()[pri:0, instance:src.newSeleniumTestLogin.Successlogin@77cd7a0]" name="Close" is-config="true" duration-ms="183" started-at="2020-01-19T19:24:46Z" finished-at="2020-01-19T19:24:47Z">
          <reporter-output>
          </reporter-output>
        </test-method> <!-- Close -->
        <test-method status="PASS" signature="ReportDone()[pri:0, instance:src.newSeleniumTestLogin.Successlogin@77cd7a0]" name="ReportDone" is-config="true" duration-ms="4" started-at="2020-01-19T19:25:00Z" finished-at="2020-01-19T19:25:00Z">
          <reporter-output>
          </reporter-output>
        </test-method> <!-- ReportDone -->
      </class> <!-- src.newSeleniumTestLogin.Successlogin -->
      <class name="src.newSeleniumTestLogin.LoginDone">
        <test-method status="PASS" signature="Initialize()[pri:0, instance:src.newSeleniumTestLogin.LoginDone@204f30ec]" name="Initialize" is-config="true" duration-ms="9957" started-at="2020-01-19T19:24:47Z" finished-at="2020-01-19T19:24:57Z">
          <reporter-output>
          </reporter-output>
        </test-method> <!-- Initialize -->
        <test-method status="FAIL" signature="LoginAmazon()[pri:0, instance:src.newSeleniumTestLogin.LoginDone@204f30ec]" name="LoginAmazon" duration-ms="3172" started-at="2020-01-19T19:24:57Z" finished-at="2020-01-19T19:25:00Z">
          <exception class="java.lang.NullPointerException">
            <full-stacktrace>
              <![CDATA[java.lang.NullPointerException
at src.newSeleniumTestLogin.LoginDone.LoginAmazon(LoginDone.java:21)
at sun.reflect.NativeMethodAccessorImpl.invoke0(Native Method)
at sun.reflect.NativeMethodAccessorImpl.invoke(NativeMethodAccessorImpl.java:62)
at sun.reflect.DelegatingMethodAccessorImpl.invoke(DelegatingMethodAccessorImpl.java:43)
at java.lang.reflect.Method.invoke(Method.java:498)
at org.testng.internal.MethodInvocationHelper.invokeMethod(MethodInvocationHelper.java:124)
at org.testng.internal.Invoker.invokeMethod(Invoker.java:583)
at org.testng.internal.Invoker.invokeTestMethod(Invoker.java:719)
at org.testng.internal.Invoker.invokeTestMethods(Invoker.java:989)
at org.testng.internal.TestMethodWorker.invokeTestMethods(TestMethodWorker.java:125)
at org.testng.internal.TestMethodWorker.run(TestMethodWorker.java:109)
at org.testng.TestRunner.privateRun(TestRunner.java:648)
at org.testng.TestRunner.run(TestRunner.java:505)
at org.testng.SuiteRunner.runTest(SuiteRunner.java:455)
at org.testng.SuiteRunner.runSequentially(SuiteRunner.java:450)
at org.testng.SuiteRunner.privateRun(SuiteRunner.java:415)
at org.testng.SuiteRunner.run(SuiteRunner.java:364)
at org.testng.SuiteRunnerWorker.runSuite(SuiteRunnerWorker.java:52)
at org.testng.SuiteRunnerWorker.run(SuiteRunnerWorker.java:84)
at org.testng.TestNG.runSuitesSequentially(TestNG.java:1208)
at org.testng.TestNG.runSuitesLocally(TestNG.java:1137)
at org.testng.TestNG.runSuites(TestNG.java:1049)
at org.testng.TestNG.run(TestNG.java:1017)
at org.testng.remote.AbstractRemoteTestNG.run(AbstractRemoteTestNG.java:115)
at org.testng.remote.RemoteTestNG.initAndRun(RemoteTestNG.java:251)
at org.testng.remote.RemoteTestNG.main(RemoteTestNG.java:77)
]]>
            </full-stacktrace>
          </exception> <!-- java.lang.NullPointerException -->
          <reporter-output>
          </reporter-output>
        </test-method> <!-- LoginAmazon -->
        <test-method status="PASS" signature="Close()[pri:0, instance:src.newSeleniumTestLogin.LoginDone@204f30ec]" name="Close" is-config="true" duration-ms="482" started-at="2020-01-19T19:25:00Z" finished-at="2020-01-19T19:25:00Z">
          <reporter-output>
          </reporter-output>
        </test-method> <!-- Close -->
      </class> <!-- src.newSeleniumTestLogin.LoginDone -->
    </test> <!-- AmazonfirstTC -->
  </suite> <!-- Suite -->
</testng-results>
